2021-01-12 00:34:41,645 [INFO] Activator:170 - 


2021-01-12 00:34:41,647 [INFO] Activator:171 - !SESSION log4j initialized
2021-01-12 00:44:00,038 [INFO] McuFinderGlobals:40 - Set McuFinder mode to 2 (CubeIDE integrated)
2021-01-12 00:44:04,351 [INFO] ApplicationProperties:181 - Using Application install path: C:\ST\STM32CubeIDE_1.5.0\STM32CubeIDE\plugins\com.st.stm32cube.common.mx_6.1.0.202011121557
2021-01-12 00:44:04,382 [INFO] DbMcusXml:71 - Set database path to: C:\ST\STM32CubeIDE_1.5.0\STM32CubeIDE\plugins\com.st.stm32cube.common.mx_6.1.0.202011121557\\db\/mcu/
2021-01-12 00:44:04,397 [INFO] DbBoardsPdsc:57 - Set plugin database path to: C:\ST\STM32CubeIDE_1.5.0\STM32CubeIDE\plugins\com.st.stm32cube.common.mx_6.1.0.202011121557\\db\/plugins/boardmanager/
2021-01-12 00:44:04,397 [INFO] DbMcus:259 - Set plugin images path to: C:\ST\STM32CubeIDE_1.5.0\STM32CubeIDE\plugins\com.st.stm32cube.common.mx_6.1.0.202011121557\\db\/plugins/mcufinder/images/
2021-01-12 00:44:04,397 [INFO] DbBoards:265 - Set plugin images path to: C:\ST\STM32CubeIDE_1.5.0\STM32CubeIDE\plugins\com.st.stm32cube.common.mx_6.1.0.202011121557\\db\/plugins/mcufinder/images/
2021-01-12 00:44:04,397 [INFO] DbExamples:329 - Set plugin images path to: C:\ST\STM32CubeIDE_1.5.0\STM32CubeIDE\plugins\com.st.stm32cube.common.mx_6.1.0.202011121557\\db\/plugins/mcufinder/images/
2021-01-12 00:44:04,444 [INFO] DbMcusDocs:112 - Set database path to: C:\Users\Jian Lao\.stmcufinder\plugins\mcufinder//mcu/
2021-01-12 00:44:04,444 [INFO] DbMcusJson:63 - Set database path to: C:\Users\Jian Lao\.stmcufinder\plugins\mcufinder//mcu/
2021-01-12 00:44:04,444 [INFO] DbBoardsDocs:112 - Set database path to: C:\Users\Jian Lao\.stmcufinder\plugins\mcufinder//mcu/
2021-01-12 00:44:04,444 [INFO] DbBoardsJson:56 - Set database path to: C:\Users\Jian Lao\.stmcufinder\plugins\mcufinder//mcu/
2021-01-12 00:44:04,991 [INFO] CrossReferenceDbSqlite:196 - Set database path to: C:\Users\Jian Lao\.stmcufinder\plugins\mcufinder//mcu/cs/
2021-01-12 00:44:04,991 [INFO] DbExamplesSqlite:699 - Set database path to: C:\Users\Jian Lao\.stmcufinder\plugins\mcufinder//mcu/
2021-01-12 00:44:05,179 [INFO] RulesReader:52 - Compatibility file has been processed (228 Rules)
2021-01-12 00:44:05,382 [INFO] MicroXplorer:565 - Detected Java Version = 1.8.0_272
2021-01-12 00:44:05,382 [INFO] DbMcusXml:71 - Set database path to: C:\ST\STM32CubeIDE_1.5.0\STM32CubeIDE\plugins\com.st.stm32cube.common.mx_6.1.0.202011121557\\db\/mcu/
2021-01-12 00:44:05,382 [INFO] DbBoardsPdsc:57 - Set plugin database path to: C:\ST\STM32CubeIDE_1.5.0\STM32CubeIDE\plugins\com.st.stm32cube.common.mx_6.1.0.202011121557\\db\/plugins/boardmanager/
2021-01-12 00:44:05,382 [INFO] DbMcus:259 - Set plugin images path to: C:\ST\STM32CubeIDE_1.5.0\STM32CubeIDE\plugins\com.st.stm32cube.common.mx_6.1.0.202011121557\\db\/plugins/mcufinder/images/
2021-01-12 00:44:05,382 [INFO] DbBoards:265 - Set plugin images path to: C:\ST\STM32CubeIDE_1.5.0\STM32CubeIDE\plugins\com.st.stm32cube.common.mx_6.1.0.202011121557\\db\/plugins/mcufinder/images/
2021-01-12 00:44:05,382 [INFO] DbExamples:329 - Set plugin images path to: C:\ST\STM32CubeIDE_1.5.0\STM32CubeIDE\plugins\com.st.stm32cube.common.mx_6.1.0.202011121557\\db\/plugins/mcufinder/images/
2021-01-12 00:44:05,382 [WARN] DbFile:36 - Overriding database path with different value: C:\Users\Jian Lao\.stmcufinder\plugins\mcufinder/ => C:\Users\Jian Lao\.stmcufinder\plugins\mcufinder
2021-01-12 00:44:05,382 [INFO] DbMcusDocs:112 - Set database path to: C:\Users\Jian Lao\.stmcufinder\plugins\mcufinder//mcu/
2021-01-12 00:44:05,382 [WARN] DbFile:36 - Overriding database path with different value: C:\Users\Jian Lao\.stmcufinder\plugins\mcufinder/ => C:\Users\Jian Lao\.stmcufinder\plugins\mcufinder
2021-01-12 00:44:05,382 [INFO] DbMcusJson:63 - Set database path to: C:\Users\Jian Lao\.stmcufinder\plugins\mcufinder//mcu/
2021-01-12 00:44:05,382 [WARN] DbFile:36 - Overriding database path with different value: C:\Users\Jian Lao\.stmcufinder\plugins\mcufinder/ => C:\Users\Jian Lao\.stmcufinder\plugins\mcufinder
2021-01-12 00:44:05,382 [INFO] DbBoardsDocs:112 - Set database path to: C:\Users\Jian Lao\.stmcufinder\plugins\mcufinder//mcu/
2021-01-12 00:44:05,382 [WARN] DbFile:36 - Overriding database path with different value: C:\Users\Jian Lao\.stmcufinder\plugins\mcufinder/ => C:\Users\Jian Lao\.stmcufinder\plugins\mcufinder
2021-01-12 00:44:05,397 [INFO] DbBoardsJson:56 - Set database path to: C:\Users\Jian Lao\.stmcufinder\plugins\mcufinder//mcu/
2021-01-12 00:44:05,397 [WARN] DbFile:36 - Overriding database path with different value: C:\Users\Jian Lao\.stmcufinder\plugins\mcufinder/ => C:\Users\Jian Lao\.stmcufinder\plugins\mcufinder
2021-01-12 00:44:05,397 [WARN] DbFile:36 - Overriding database path with different value: C:\Users\Jian Lao\.stmcufinder\plugins\mcufinder/ => C:\Users\Jian Lao\.stmcufinder\plugins\mcufinder
2021-01-12 00:44:05,986 [INFO] CrossReferenceDbSqlite:196 - Set database path to: C:\Users\Jian Lao\.stmcufinder\plugins\mcufinder//mcu/cs/
2021-01-12 00:44:05,986 [WARN] DbFile:36 - Overriding database path with different value: C:\Users\Jian Lao\.stmcufinder\plugins\mcufinder/ => C:\Users\Jian Lao\.stmcufinder\plugins\mcufinder
2021-01-12 00:44:05,986 [INFO] DbExamplesSqlite:699 - Set database path to: C:\Users\Jian Lao\.stmcufinder\plugins\mcufinder//mcu/
2021-01-12 00:44:06,236 [INFO] MainPanel:190 - HeapMemory: 367001600
2021-01-12 00:44:06,502 [INFO] DbMcusXml:71 - Set database path to: C:\ST\STM32CubeIDE_1.5.0\STM32CubeIDE\plugins\com.st.stm32cube.common.mx_6.1.0.202011121557\\db\/mcu/
2021-01-12 00:44:06,502 [INFO] DbBoardsPdsc:57 - Set plugin database path to: C:\ST\STM32CubeIDE_1.5.0\STM32CubeIDE\plugins\com.st.stm32cube.common.mx_6.1.0.202011121557\\db\/plugins/boardmanager/
2021-01-12 00:44:06,502 [INFO] DbMcus:259 - Set plugin images path to: C:\ST\STM32CubeIDE_1.5.0\STM32CubeIDE\plugins\com.st.stm32cube.common.mx_6.1.0.202011121557\\db\/plugins/mcufinder/images/
2021-01-12 00:44:06,502 [INFO] DbBoards:265 - Set plugin images path to: C:\ST\STM32CubeIDE_1.5.0\STM32CubeIDE\plugins\com.st.stm32cube.common.mx_6.1.0.202011121557\\db\/plugins/mcufinder/images/
2021-01-12 00:44:06,502 [INFO] DbExamples:329 - Set plugin images path to: C:\ST\STM32CubeIDE_1.5.0\STM32CubeIDE\plugins\com.st.stm32cube.common.mx_6.1.0.202011121557\\db\/plugins/mcufinder/images/
2021-01-12 00:44:06,502 [WARN] DbFile:36 - Overriding database path with different value: C:\Users\Jian Lao\.stmcufinder\plugins\mcufinder/ => C:\Users\Jian Lao\.stmcufinder\plugins\mcufinder
2021-01-12 00:44:06,502 [INFO] DbMcusDocs:112 - Set database path to: C:\Users\Jian Lao\.stmcufinder\plugins\mcufinder//mcu/
2021-01-12 00:44:06,502 [WARN] DbFile:36 - Overriding database path with different value: C:\Users\Jian Lao\.stmcufinder\plugins\mcufinder/ => C:\Users\Jian Lao\.stmcufinder\plugins\mcufinder
2021-01-12 00:44:06,502 [INFO] DbMcusJson:63 - Set database path to: C:\Users\Jian Lao\.stmcufinder\plugins\mcufinder//mcu/
2021-01-12 00:44:06,502 [WARN] DbFile:36 - Overriding database path with different value: C:\Users\Jian Lao\.stmcufinder\plugins\mcufinder/ => C:\Users\Jian Lao\.stmcufinder\plugins\mcufinder
2021-01-12 00:44:06,502 [INFO] DbBoardsDocs:112 - Set database path to: C:\Users\Jian Lao\.stmcufinder\plugins\mcufinder//mcu/
2021-01-12 00:44:06,502 [WARN] DbFile:36 - Overriding database path with different value: C:\Users\Jian Lao\.stmcufinder\plugins\mcufinder/ => C:\Users\Jian Lao\.stmcufinder\plugins\mcufinder
2021-01-12 00:44:06,502 [INFO] DbBoardsJson:56 - Set database path to: C:\Users\Jian Lao\.stmcufinder\plugins\mcufinder//mcu/
2021-01-12 00:44:06,502 [WARN] DbFile:36 - Overriding database path with different value: C:\Users\Jian Lao\.stmcufinder\plugins\mcufinder/ => C:\Users\Jian Lao\.stmcufinder\plugins\mcufinder
2021-01-12 00:44:06,502 [WARN] DbFile:36 - Overriding database path with different value: C:\Users\Jian Lao\.stmcufinder\plugins\mcufinder/ => C:\Users\Jian Lao\.stmcufinder\plugins\mcufinder
2021-01-12 00:44:07,486 [INFO] CrossReferenceDbSqlite:196 - Set database path to: C:\Users\Jian Lao\.stmcufinder\plugins\mcufinder//mcu/cs/
2021-01-12 00:44:07,486 [WARN] DbFile:36 - Overriding database path with different value: C:\Users\Jian Lao\.stmcufinder\plugins\mcufinder/ => C:\Users\Jian Lao\.stmcufinder\plugins\mcufinder
2021-01-12 00:44:07,486 [INFO] DbExamplesSqlite:699 - Set database path to: C:\Users\Jian Lao\.stmcufinder\plugins\mcufinder//mcu/
2021-01-12 00:44:07,533 [INFO] ApplicationProperties:181 - Using Application install path: C:\ST\STM32CubeIDE_1.5.0\STM32CubeIDE\plugins\com.st.stm32cube.common.mx_6.1.0.202011121557
2021-01-12 00:44:07,533 [INFO] PluginManage:178 - Search for loadable plugins [exclusion list=, ]
2021-01-12 00:44:07,533 [INFO] PluginManage:292 - Check plugin analytics
2021-01-12 00:44:08,580 [INFO] AnalyticsPlugin:225 - Accepted Software Licenses: 
2021-01-12 00:44:08,580 [INFO] AnalyticsPlugin:227 - Accepted CMSIS Pack Licenses: 
2021-01-12 00:44:08,580 [INFO] AnalyticsPlugin:229 - Accepted Firmware Licenses: 
2021-01-12 00:44:08,580 [INFO] PluginManage:342 - Loaded plugin analytics (category:tool,tabindex:-1)
2021-01-12 00:44:08,580 [INFO] PluginManage:292 - Check plugin clock
2021-01-12 00:44:08,627 [INFO] PluginManage:342 - Loaded plugin clock (category:base,tabindex:2)
2021-01-12 00:44:08,627 [INFO] PluginManage:292 - Check plugin ddr
2021-01-12 00:44:08,643 [INFO] PluginManage:342 - Loaded plugin ddr (category:tool,tabindex:6)
2021-01-12 00:44:08,643 [INFO] PluginManage:292 - Check plugin filemanager
2021-01-12 00:44:08,815 [INFO] PluginManage:342 - Loaded plugin filemanager (category:base,tabindex:10)
2021-01-12 00:44:08,815 [INFO] PluginManage:292 - Check plugin ipmanager
2021-01-12 00:44:08,861 [INFO] PluginManage:342 - Loaded plugin ipmanager (category:base,tabindex:5)
2021-01-12 00:44:08,861 [INFO] PluginManage:292 - Check plugin pinoutandconfiguration
2021-01-12 00:44:08,893 [INFO] PluginManage:342 - Loaded plugin pinoutandconfiguration (category:base,tabindex:1)
2021-01-12 00:44:08,893 [INFO] PluginManage:292 - Check plugin pinoutconfig
2021-01-12 00:44:08,971 [INFO] PluginManage:342 - Loaded plugin pinoutconfig (category:base,tabindex:0)
2021-01-12 00:44:08,971 [INFO] PluginManage:292 - Check plugin power
2021-01-12 00:44:09,018 [INFO] PluginManage:342 - Loaded plugin power (category:power,tabindex:4)
2021-01-12 00:44:09,018 [INFO] PluginManage:292 - Check plugin projectmanager
2021-01-12 00:44:09,049 [INFO] PluginManage:342 - Loaded plugin projectmanager (category:projectmanager,tabindex:3)
2021-01-12 00:44:09,049 [INFO] PluginManage:292 - Check plugin thirdparty
2021-01-12 00:44:09,346 [INFO] PluginManage:342 - Loaded plugin thirdparty (category:base,tabindex:-1)
2021-01-12 00:44:09,346 [WARN] IntegrityCheckThread:59 - waiting for thirdparty lock release [integrity check]
2021-01-12 00:44:09,346 [INFO] PluginManage:292 - Check plugin tools
2021-01-12 00:44:09,346 [INFO] IntegrityCheckThread:61 - entering critical section [integrity check]
2021-01-12 00:44:09,346 [INFO] ThirdPartyUpdaterWithRetryManager:56 - Updater plugin not ready yet. [1/15]
2021-01-12 00:44:09,408 [INFO] PluginManage:342 - Loaded plugin tools (category:base,tabindex:7)
2021-01-12 00:44:09,408 [INFO] PluginManage:292 - Check plugin tutovideos
2021-01-12 00:44:09,752 [INFO] PluginManage:342 - Loaded plugin tutovideos (category:base,tabindex:-1)
2021-01-12 00:44:09,752 [INFO] PluginManage:292 - Check plugin updater
2021-01-12 00:44:09,783 [INFO] PluginManage:342 - Loaded plugin updater (category:base,tabindex:12)
2021-01-12 00:44:09,783 [INFO] PluginManage:265 - PluginManage : Loaded plugins [13]
2021-01-12 00:44:10,127 [INFO] PinOutPanel:1434 - setPackage(No Configuration,No Configuration)
2021-01-12 00:44:10,409 [INFO] IPUIPlugin:64 - create IPUIPlugin
2021-01-12 00:44:10,409 [INFO] PluginManager:203 - loadIPPluginJar : add adc
2021-01-12 00:44:10,455 [INFO] IPUIPlugin:64 - create IPUIPlugin
2021-01-12 00:44:10,455 [INFO] PluginManager:203 - loadIPPluginJar : add aes
2021-01-12 00:44:10,534 [INFO] IPUIPlugin:64 - create IPUIPlugin
2021-01-12 00:44:10,534 [INFO] PluginManager:203 - loadIPPluginJar : add can
2021-01-12 00:44:10,565 [INFO] IPUIPlugin:64 - create IPUIPlugin
2021-01-12 00:44:10,565 [INFO] PluginManager:203 - loadIPPluginJar : add comp
2021-01-12 00:44:10,596 [INFO] IPUIPlugin:64 - create IPUIPlugin
2021-01-12 00:44:10,596 [INFO] PluginManager:203 - loadIPPluginJar : add cryp
2021-01-12 00:44:10,627 [INFO] IPUIPlugin:64 - create IPUIPlugin
2021-01-12 00:44:10,627 [INFO] PluginManager:203 - loadIPPluginJar : add dfsdm
2021-01-12 00:44:10,643 [INFO] IPUIPlugin:64 - create IPUIPlugin
2021-01-12 00:44:10,643 [INFO] PluginManager:203 - loadIPPluginJar : add dma
2021-01-12 00:44:10,674 [INFO] IPUIPlugin:64 - create IPUIPlugin
2021-01-12 00:44:10,674 [INFO] PluginManager:203 - loadIPPluginJar : add fatfs
2021-01-12 00:44:10,721 [INFO] IPUIPlugin:64 - create IPUIPlugin
2021-01-12 00:44:10,721 [INFO] PluginManager:203 - loadIPPluginJar : add fmc
2021-01-12 00:44:10,752 [INFO] IPUIPlugin:64 - create IPUIPlugin
2021-01-12 00:44:10,752 [INFO] PluginManager:203 - loadIPPluginJar : add freertos
2021-01-12 00:44:10,784 [INFO] IPUIPlugin:64 - create IPUIPlugin
2021-01-12 00:44:10,784 [INFO] PluginManager:203 - loadIPPluginJar : add genericplugin
2021-01-12 00:44:10,862 [INFO] IPUIPlugin:64 - create IPUIPlugin
2021-01-12 00:44:10,862 [INFO] PluginManager:203 - loadIPPluginJar : add gfxmmu
2021-01-12 00:44:11,002 [INFO] IPUIPlugin:64 - create IPUIPlugin
2021-01-12 00:44:11,002 [INFO] PluginManager:203 - loadIPPluginJar : add gic
2021-01-12 00:44:11,033 [INFO] IPUIPlugin:64 - create IPUIPlugin
2021-01-12 00:44:11,033 [INFO] PluginManager:203 - loadIPPluginJar : add gpio
2021-01-12 00:44:11,112 [INFO] IPUIPlugin:64 - create IPUIPlugin
2021-01-12 00:44:11,112 [INFO] PluginManager:203 - loadIPPluginJar : add gtzc
2021-01-12 00:44:11,143 [INFO] IPUIPlugin:64 - create IPUIPlugin
2021-01-12 00:44:11,143 [INFO] PluginManager:203 - loadIPPluginJar : add hash
2021-01-12 00:44:11,190 [INFO] IPUIPlugin:64 - create IPUIPlugin
2021-01-12 00:44:11,190 [INFO] PluginManager:203 - loadIPPluginJar : add i2c
2021-01-12 00:44:11,237 [INFO] IPUIPlugin:64 - create IPUIPlugin
2021-01-12 00:44:11,237 [INFO] PluginManager:203 - loadIPPluginJar : add i2s
2021-01-12 00:44:11,252 [INFO] IPUIPlugin:64 - create IPUIPlugin
2021-01-12 00:44:11,252 [INFO] PluginManager:203 - loadIPPluginJar : add ipddr
2021-01-12 00:44:11,315 [INFO] IPUIPlugin:64 - create IPUIPlugin
2021-01-12 00:44:11,315 [INFO] PluginManager:203 - loadIPPluginJar : add lorawan
2021-01-12 00:44:11,362 [INFO] IPUIPlugin:64 - create IPUIPlugin
2021-01-12 00:44:11,362 [INFO] PluginManager:203 - loadIPPluginJar : add ltdc
2021-01-12 00:44:11,409 [INFO] IPUIPlugin:64 - create IPUIPlugin
2021-01-12 00:44:11,409 [INFO] PluginManager:203 - loadIPPluginJar : add mdma
2021-01-12 00:44:11,409 [INFO] IPUIPlugin:64 - create IPUIPlugin
2021-01-12 00:44:11,409 [INFO] PluginManager:203 - loadIPPluginJar : add nvic
2021-01-12 00:44:11,455 [INFO] IPUIPlugin:64 - create IPUIPlugin
2021-01-12 00:44:11,455 [INFO] PluginManager:203 - loadIPPluginJar : add opamp
2021-01-12 00:44:11,534 [INFO] IPUIPlugin:64 - create IPUIPlugin
2021-01-12 00:44:11,534 [INFO] PluginManager:203 - loadIPPluginJar : add openamp
2021-01-12 00:44:11,565 [INFO] IPUIPlugin:64 - create IPUIPlugin
2021-01-12 00:44:11,565 [INFO] PluginManager:203 - loadIPPluginJar : add pdm2pcm
2021-01-12 00:44:11,596 [INFO] IPUIPlugin:64 - create IPUIPlugin
2021-01-12 00:44:11,596 [INFO] PluginManager:203 - loadIPPluginJar : add plateformsettings
2021-01-12 00:44:11,612 [INFO] IPUIPlugin:64 - create IPUIPlugin
2021-01-12 00:44:11,612 [INFO] PluginManager:203 - loadIPPluginJar : add quadspi
2021-01-12 00:44:11,627 [INFO] IPUIPlugin:64 - create IPUIPlugin
2021-01-12 00:44:11,627 [INFO] PluginManager:203 - loadIPPluginJar : add resmgrutility
2021-01-12 00:44:11,674 [INFO] IPUIPlugin:64 - create IPUIPlugin
2021-01-12 00:44:11,674 [INFO] PluginManager:203 - loadIPPluginJar : add sai
2021-01-12 00:44:11,705 [INFO] IPUIPlugin:64 - create IPUIPlugin
2021-01-12 00:44:11,705 [INFO] PluginManager:203 - loadIPPluginJar : add spi
2021-01-12 00:44:11,768 [INFO] IPUIPlugin:64 - create IPUIPlugin
2021-01-12 00:44:11,768 [INFO] PluginManager:203 - loadIPPluginJar : add stm32_wpan
2021-01-12 00:44:11,784 [INFO] IPUIPlugin:64 - create IPUIPlugin
2021-01-12 00:44:11,784 [INFO] PluginManager:203 - loadIPPluginJar : add tim
2021-01-12 00:44:11,846 [INFO] IPUIPlugin:64 - create IPUIPlugin
2021-01-12 00:44:11,846 [INFO] PluginManager:203 - loadIPPluginJar : add touchsensing
2021-01-12 00:44:11,877 [INFO] IPUIPlugin:64 - create IPUIPlugin
2021-01-12 00:44:11,877 [INFO] PluginManager:203 - loadIPPluginJar : add tracer_emb
2021-01-12 00:44:11,909 [INFO] IPUIPlugin:64 - create IPUIPlugin
2021-01-12 00:44:11,909 [INFO] PluginManager:203 - loadIPPluginJar : add ts
2021-01-12 00:44:11,924 [INFO] IPUIPlugin:64 - create IPUIPlugin
2021-01-12 00:44:11,924 [INFO] PluginManager:203 - loadIPPluginJar : add tsc
2021-01-12 00:44:11,955 [INFO] IPUIPlugin:64 - create IPUIPlugin
2021-01-12 00:44:11,955 [INFO] PluginManager:203 - loadIPPluginJar : add ucpd
2021-01-12 00:44:12,018 [INFO] IPUIPlugin:64 - create IPUIPlugin
2021-01-12 00:44:12,018 [INFO] PluginManager:203 - loadIPPluginJar : add usart
2021-01-12 00:44:12,355 [INFO] ThirdPartyUpdaterWithRetryManager:56 - Updater plugin not ready yet. [2/15]
2021-01-12 00:44:12,589 [FATAL] Updater:284 - Updater called before beeing initialized
2021-01-12 00:44:12,761 [FATAL] Updater:284 - Updater called before beeing initialized
2021-01-12 00:44:12,839 [WARN] DetailPanel:347 - Failed to get advertising image, set to default
2021-01-12 00:44:12,839 [FATAL] Updater:284 - Updater called before beeing initialized
2021-01-12 00:44:12,839 [WARN] DetailPanel:347 - Failed to get advertising image, set to default
2021-01-12 00:44:12,933 [FATAL] Updater:284 - Updater called before beeing initialized
2021-01-12 00:44:12,933 [WARN] ThirdParty:783 - waiting for thirdparty lock release [close project]
2021-01-12 00:44:15,355 [FATAL] Updater:284 - Updater called before beeing initialized
2021-01-12 00:44:15,355 [ERROR] AbstractThirdPartyUpdaterManager:153 - java.lang.Integer cannot be cast to java.util.List
2021-01-12 00:44:15,355 [INFO] ThirdParty:887 - Integrity check success = false
2021-01-12 00:44:15,355 [INFO] IntegrityCheckThread:75 - exiting critical section [integrity check]
2021-01-12 00:44:15,355 [INFO] IntegrityCheckThread:78 - End integrity checks thread
2021-01-12 00:44:15,355 [INFO] ThirdParty:785 - entering critical section [close project]
2021-01-12 00:44:15,355 [INFO] ThirdParty:796 - exiting critical section [close project]
2021-01-12 00:44:15,355 [INFO] PinOutPanel:1434 - setPackage(No Configuration,No Configuration)
2021-01-12 00:44:15,355 [FATAL] Updater:284 - Updater called before beeing initialized
2021-01-12 00:44:15,371 [ERROR] Updater:1065 - MainUpdater not yet initialized. External WinMGr cannot be set.
2021-01-12 00:44:15,386 [INFO] Updater:1002 - Updater Version found : 6.1.0
2021-01-12 00:44:15,434 [INFO] ApplicationProperties:181 - Using Application install path: C:\ST\STM32CubeIDE_1.5.0\STM32CubeIDE\plugins\com.st.stm32cube.common.mx_6.1.0.202011121557
2021-01-12 00:44:15,637 [INFO] MainUpdater:2644 - connection check result : 10
2021-01-12 00:44:15,637 [INFO] MainUpdater:3332 - Updater definition file requires update
2021-01-12 00:44:15,652 [INFO] MainUpdater:249 - Updater Check For Update Now.
2021-01-12 00:44:15,652 [INFO] MicroXplorer:415 - Change Database Version : DB.6.0.10
2021-01-12 00:44:15,746 [INFO] ServerAccessManage:348 - Download File updaters.zip
2021-01-12 00:44:15,824 [INFO] FileExtend:225 - Unzip File : updaters.zip
2021-01-12 00:44:15,824 [INFO] FileExtend:240 - Standard Zip Deflate
2021-01-12 00:44:17,746 [INFO] ServerAccessManage:348 - Download File PacksControlFlags.xml
2021-01-12 00:44:18,434 [INFO] ServerAccessManage:348 - Download File cubemx.pidx
2021-01-12 00:44:18,621 [INFO] LoadServerUpdatesThread:329 - End of LoadServerUpdate Thread
2021-01-12 00:44:18,637 [INFO] CheckServerUpdateThread:102 - End of CheckServer Thread
2021-01-12 00:44:18,653 [INFO] MainUpdater:2644 - connection check result : 10
2021-01-12 00:44:19,640 [INFO] CrossSelectorPresenter:1330 - Cross Selector saved comparison directory: C:\Users\Jian Lao\.stmcufinder\plugins\mcufinder\mcu\cs_comparisons_mx
2021-01-12 00:44:19,640 [INFO] MultiScanPanel:198 - Auto-refresh data requested => check proxy status ongoing
2021-01-12 00:44:19,640 [INFO] FinderPluginLoader:87 - Searching for filters in installed packs
2021-01-12 00:44:19,640 [INFO] DbMcusXml:97 - Load MCU database from C:\ST\STM32CubeIDE_1.5.0\STM32CubeIDE\plugins\com.st.stm32cube.common.mx_6.1.0.202011121557\\db\/mcu/families.xml
2021-01-12 00:44:20,296 [INFO] DbMcusJson:92 - JSON generation date=Thu Nov 05 11:05:07 EST 2020 (1604592307)
2021-01-12 00:44:20,953 [INFO] DbMcus:176 - Found 1835 MCUs (1796 are supported by CubeMX, 1796 are visible in CubeMX)
2021-01-12 00:44:20,953 [INFO] ApiDb:238 - Load user favorites file C:\Users\Jian Lao/.stm32cubeide/favorites.mcus.txt: 0 item(s)
2021-01-12 00:44:20,954 [INFO] ApiDb:242 - User favorites MCUs=[]
2021-01-12 00:44:20,954 [INFO] DbMcus:188 - Set 0 / 0 favorites MCUs
2021-01-12 00:44:21,388 [WARN] DetailPanel:347 - Failed to get advertising image, set to default
2021-01-12 00:44:21,672 [INFO] McuFilterPanel:245 - Update 0 favorites MCUs
2021-01-12 00:44:21,766 [INFO] DbBoardsPdsc:91 - Found 24 items
2021-01-12 00:44:21,782 [INFO] DbBoardsPdsc:91 - Found 9 items
2021-01-12 00:44:21,797 [INFO] DbBoardsPdsc:91 - Found 32 items
2021-01-12 00:44:21,797 [INFO] DbBoardsPdsc:91 - Found 1 items
2021-01-12 00:44:21,828 [INFO] DbBoardsPdsc:91 - Found 45 items
2021-01-12 00:44:21,844 [INFO] DbBoardsPdsc:91 - Found 41 items
2021-01-12 00:44:21,875 [INFO] DbBoardsPdsc:91 - Found 2 items
2021-01-12 00:44:21,875 [INFO] DbBoardsPdsc:91 - Found 4 items
2021-01-12 00:44:21,891 [WARN] DbBoardsPdsc:255 - Board STM32H7B3I-DK: unknown feature type=Audio, name=, username=Audio stereo codec with Headphone Amp (CS42L51-CNZ), n=1
2021-01-12 00:44:21,891 [WARN] DbBoardsPdsc:255 - Board STM32H735G-DK: unknown feature type=Audio, name=, username=Audio stereo codec with Headphone Amp (WM8994ECS/R), n=1
2021-01-12 00:44:21,891 [WARN] DbBoardsPdsc:255 - Board STM32H7B3I-EVAL: unknown feature type=Audio, name=, username=Multi-Channel Audio Codec (CS42L51-CNZ), n=1
2021-01-12 00:44:21,891 [WARN] DbBoardsPdsc:255 - Board STM32H7B3I-EVAL: unknown feature type=Meter, name=, username=Power-metering and Temperature-monitoring with sigma-delta modulators, n=1
2021-01-12 00:44:21,891 [WARN] DbBoardsPdsc:255 - Board STM32H7B3I-EVAL: unknown feature type=Motor, name=, username=Motor Control, n=1
2021-01-12 00:44:21,985 [INFO] DbBoardsJson:85 - JSON generation date=Thu Nov 05 09:55:26 EST 2020 (1604588126)
2021-01-12 00:44:21,985 [INFO] DbBoards:118 - Found 158 boards (155 are supported by CubeMX)
2021-01-12 00:44:22,032 [INFO] DbBoardsDocs:145 - JSON generation date=Thu Nov 05 11:05:07 EST 2020 (1604592307)
2021-01-12 00:44:22,047 [INFO] DbBoardsDocs:81 - Found 190 boards documents
2021-01-12 00:44:22,047 [WARN] DbBoards:128 - board B-L462E-CELL1 has no document id list !
2021-01-12 00:44:22,047 [WARN] DbBoards:128 - board B-L475E-IOT01A2 has no document id list !
2021-01-12 00:44:22,047 [WARN] DbBoards:128 - board NUCLEO-G0B1RE has no document id list !
2021-01-12 00:44:22,047 [WARN] DbBoards:128 - board NUCLEO-G491RE has no document id list !
2021-01-12 00:44:22,047 [WARN] DbBoards:128 - board NUCLEO-H743ZI2 has no document id list !
2021-01-12 00:44:22,047 [WARN] DbBoards:128 - board NUCLEO-L4A6ZG has no document id list !
2021-01-12 00:44:22,047 [WARN] DbBoards:128 - board NUCLEO-WB55RG has no document id list !
2021-01-12 00:44:22,047 [WARN] DbBoards:128 - board NUCLEO-WL55JC1 has no document id list !
2021-01-12 00:44:22,047 [WARN] DbBoards:128 - board NUCLEO-WL55JC2 has no document id list !
2021-01-12 00:44:22,047 [WARN] DbBoards:128 - board P-NUCLEO-WB55-Nucleo has no document id list !
2021-01-12 00:44:22,047 [WARN] DbBoards:128 - board P-NUCLEO-WB55-USBDongle has no document id list !
2021-01-12 00:44:22,047 [WARN] DbBoards:128 - board STEVAL-BFA001V1B has no document id list !
2021-01-12 00:44:22,047 [WARN] DbBoards:128 - board STEVAL-BFA001V2B has no document id list !
2021-01-12 00:44:22,047 [WARN] DbBoards:128 - board STEVAL-IDP005V1 has no document id list !
2021-01-12 00:44:22,047 [WARN] DbBoards:128 - board STEVAL-IDP005V2 has no document id list !
2021-01-12 00:44:22,047 [WARN] DbBoards:128 - board STEVAL-MKSBOX1V1 has no document id list !
2021-01-12 00:44:22,047 [WARN] DbBoards:128 - board STEVAL-STWINKT1 has no document id list !
2021-01-12 00:44:22,047 [WARN] DbBoards:128 - board STM32F401C-DISCO has no document id list !
2021-01-12 00:44:22,047 [WARN] DbBoards:128 - board STM32F769I-DISC1 has no document id list !
2021-01-12 00:44:22,047 [WARN] DbBoards:128 - board STM32G0C1E-EV has no document id list !
2021-01-12 00:44:22,047 [WARN] DbBoards:128 - board STM32G474E-EVAL1 has no document id list !
2021-01-12 00:44:22,047 [WARN] DbBoards:128 - board STM32H743I-EVAL2 has no document id list !
2021-01-12 00:44:22,047 [WARN] DbBoards:128 - board STM32H747I-DISC1 has no document id list !
2021-01-12 00:44:22,047 [WARN] DbBoards:128 - board STM32H753I-EVAL2 has no document id list !
2021-01-12 00:44:22,047 [WARN] DbBoards:128 - board STM32L-DISCOVERY has no document id list !
2021-01-12 00:44:22,047 [WARN] DbBoards:128 - board STM32MP157A-DK1 has no document id list !
2021-01-12 00:44:22,047 [WARN] DbBoards:128 - board STM32MP157F-DK2 has no document id list !
2021-01-12 00:44:22,047 [WARN] DbBoards:128 - board STM32MP157F-EV1 has no document id list !
2021-01-12 00:44:24,422 [INFO] ApiDb:238 - Load user favorites file C:\Users\Jian Lao/.stm32cubeide/favorites.boards.txt: 0 item(s)
2021-01-12 00:44:24,422 [INFO] ApiDb:242 - User favorites Boards=[]
2021-01-12 00:44:24,422 [INFO] DbBoards:207 - Set 0 / 0 favorites Boards
2021-01-12 00:44:43,347 [INFO] DbMcusDocs:145 - JSON generation date=Thu Nov 05 11:05:07 EST 2020 (1604592307)
2021-01-12 00:44:43,473 [INFO] DbMcusDocs:81 - Found 601 MCUs documents
2021-01-12 00:45:25,701 [INFO] MainUpdater:2644 - connection check result : 10
2021-01-12 00:45:25,701 [INFO] MainUpdater:2644 - connection check result : 10
2021-01-12 00:45:25,811 [INFO] MicroXplorer:385 - Change Database Path : 
2021-01-12 00:45:25,811 [INFO] MicroXplorer:415 - Change Database Version : DB.6.0.10
2021-01-12 00:45:25,811 [WARN] ThirdParty:783 - waiting for thirdparty lock release [close project]
2021-01-12 00:45:25,811 [INFO] ThirdParty:785 - entering critical section [close project]
2021-01-12 00:45:25,811 [INFO] ThirdParty:796 - exiting critical section [close project]
2021-01-12 00:45:25,811 [INFO] PinOutPanel:1434 - setPackage(No Configuration,No Configuration)
2021-01-12 00:45:25,811 [INFO] UtilMem:74 - Begin LoadConfig() Used Memory: 537669064 Bytes (688914432)
2021-01-12 00:45:25,811 [INFO] MicroXplorer:385 - Change Database Path : 
2021-01-12 00:45:25,811 [INFO] MicroXplorer:415 - Change Database Version : DB.6.0.10
2021-01-12 00:45:25,811 [INFO] OpenFileManager:274 - Change cursor
2021-01-12 00:45:25,826 [WARN] ThirdParty:204 - Use empty third party IP manager
2021-01-12 00:45:25,857 [WARN] IntegrityCheckThread:59 - waiting for thirdparty lock release [integrity check]
2021-01-12 00:45:25,857 [INFO] IntegrityCheckThread:61 - entering critical section [integrity check]
2021-01-12 00:45:25,920 [WARN] ConditionMgr:437 - getConditionDescription Invalid condition id : SIGFOX STM32 LIB Condition cause : null
2021-01-12 00:45:25,936 [WARN] ConditionMgr:437 - getConditionDescription Invalid condition id : Sigfox Third Party LIB Condition cause : null
2021-01-12 00:45:25,951 [WARN] ConditionMgr:1040 - genDependencies : Invalid condition id : SIGFOX STM32 LIB Condition cause : null
2021-01-12 00:45:25,951 [WARN] ConditionMgr:1040 - genDependencies : Invalid condition id : Sigfox Third Party LIB Condition cause : null
2021-01-12 00:45:25,951 [WARN] ConditionMgr:1040 - genDependencies : Invalid condition id : Sigfox Third Party LIB Condition cause : null
2021-01-12 00:45:25,951 [WARN] ConditionMgr:1040 - genDependencies : Invalid condition id : SIGFOX STM32 LIB Condition cause : null
2021-01-12 00:45:25,951 [WARN] ConditionMgr:1040 - genDependencies : Invalid condition id : SIGFOX STM32 LIB Condition cause : null
2021-01-12 00:45:25,951 [WARN] ConditionMgr:1040 - genDependencies : Invalid condition id : Sigfox Third Party LIB Condition cause : null
2021-01-12 00:45:26,529 [INFO] ThirdParty:887 - Integrity check success = true
2021-01-12 00:45:26,529 [INFO] IntegrityCheckThread:75 - exiting critical section [integrity check]
2021-01-12 00:45:26,529 [INFO] IntegrityCheckThread:78 - End integrity checks thread
2021-01-12 00:45:30,372 [INFO] ImportTextPane:162 - (OptionalMessage_ERROR) Unable to find key (Mcu.ThirdPartyNb) in loaded IOC file
2021-01-12 00:45:30,372 [INFO] ImportTextPane:162 - (OptionalMessage_ERROR) Unable to find key (Mcu.PinsNb) in loaded IOC file
2021-01-12 00:45:30,372 [INFO] ImportTextPane:162 - (OptionalMessage_ERROR) Unable to find key (Mcu.IPNb) in loaded IOC file
2021-01-12 00:45:30,434 [WARN] ApiManager:294 - Cannot register API 'Board Extension:S2868A1' from pack STMicroelectronics.X-CUBE-SUBG2.3.0.1: no header file found
2021-01-12 00:45:30,434 [WARN] ApiManager:294 - Cannot register API 'Board Extension:S2868A2' from pack STMicroelectronics.X-CUBE-SUBG2.3.0.1: no header file found
2021-01-12 00:45:30,434 [WARN] ApiManager:294 - Cannot register API 'Board Extension:S2915A1' from pack STMicroelectronics.X-CUBE-SUBG2.3.0.1: no header file found
2021-01-12 00:45:30,450 [WARN] ModelIntegratedComponent:51 - No mode defined for component null
2021-01-12 00:45:30,450 [WARN] ModelIntegratedComponent:51 - No mode defined for component null
2021-01-12 00:45:30,450 [WARN] ModelIntegratedComponent:51 - No mode defined for component null
2021-01-12 00:45:30,450 [WARN] ModelIntegratedComponent:51 - No mode defined for component null
2021-01-12 00:45:30,450 [WARN] ModelIntegratedComponent:51 - No mode defined for component null
2021-01-12 00:45:30,450 [WARN] ModelIntegratedComponent:51 - No mode defined for component null
2021-01-12 00:45:30,450 [WARN] ModelIntegratedComponent:51 - No mode defined for component null
2021-01-12 00:45:30,450 [WARN] ModelIntegratedComponent:51 - No mode defined for component null
2021-01-12 00:45:30,450 [WARN] ModelIntegratedComponent:51 - No mode defined for component null
2021-01-12 00:45:30,450 [WARN] ModelIntegratedComponent:51 - No mode defined for component null
2021-01-12 00:45:30,450 [WARN] ModelIntegratedComponent:51 - No mode defined for component null
2021-01-12 00:45:30,450 [WARN] ModelIntegratedComponent:51 - No mode defined for component null
2021-01-12 00:45:30,450 [WARN] ModelIntegratedComponent:51 - No mode defined for component null
2021-01-12 00:45:30,450 [WARN] ModelIntegratedComponent:51 - No mode defined for component null
2021-01-12 00:45:30,450 [WARN] ModelIntegratedComponent:51 - No mode defined for component null
2021-01-12 00:45:30,450 [WARN] ModelIntegratedComponent:51 - No mode defined for component null
2021-01-12 00:45:30,450 [WARN] ModelIntegratedComponent:51 - No mode defined for component null
2021-01-12 00:45:30,450 [WARN] ModelIntegratedComponent:51 - No mode defined for component null
2021-01-12 00:45:30,450 [WARN] ModelIntegratedComponent:51 - No mode defined for component null
2021-01-12 00:45:30,450 [WARN] ModelIntegratedComponent:51 - No mode defined for component null
2021-01-12 00:45:30,450 [WARN] ModelIntegratedComponent:51 - No mode defined for component null
2021-01-12 00:45:30,450 [WARN] ModelIntegratedComponent:51 - No mode defined for component null
2021-01-12 00:45:30,450 [WARN] ModelIntegratedComponent:51 - No mode defined for component null
2021-01-12 00:45:30,450 [WARN] ModelIntegratedComponent:51 - No mode defined for component null
2021-01-12 00:45:30,450 [WARN] ModelIntegratedComponent:51 - No mode defined for component null
2021-01-12 00:45:30,450 [WARN] ModelIntegratedComponent:51 - No mode defined for component null
2021-01-12 00:45:30,450 [WARN] ModelIntegratedComponent:51 - No mode defined for component null
2021-01-12 00:45:30,450 [WARN] ModelIntegratedComponent:51 - No mode defined for component null
2021-01-12 00:45:30,450 [WARN] ModelIntegratedComponent:51 - No mode defined for component null
2021-01-12 00:45:30,450 [WARN] ModelIntegratedComponent:51 - No mode defined for component null
2021-01-12 00:45:30,450 [WARN] ModelIntegratedComponent:51 - No mode defined for component null
2021-01-12 00:45:30,450 [WARN] ModelIntegratedComponent:51 - No mode defined for component null
2021-01-12 00:45:30,450 [WARN] ModelIntegratedComponent:51 - No mode defined for component null
2021-01-12 00:45:30,450 [WARN] ModelIntegratedComponent:51 - No mode defined for component null
2021-01-12 00:45:30,450 [WARN] ModelIntegratedComponent:51 - No mode defined for component null
2021-01-12 00:45:30,450 [WARN] ModelIntegratedComponent:51 - No mode defined for component null
2021-01-12 00:45:30,450 [WARN] ModelIntegratedComponent:51 - No mode defined for component null
2021-01-12 00:45:30,450 [WARN] ModelIntegratedComponent:51 - No mode defined for component null
2021-01-12 00:45:30,450 [WARN] ApiManager:294 - Cannot register API 'Board Extension:S2868A1' from pack STMicroelectronics.X-CUBE-SFXS2LP1.2.0.0: no header file found
2021-01-12 00:45:30,450 [WARN] ApiManager:294 - Cannot register API 'Board Extension:S2868A2' from pack STMicroelectronics.X-CUBE-SFXS2LP1.2.0.0: no header file found
2021-01-12 00:45:30,450 [WARN] ApiManager:294 - Cannot register API 'Board Extension:S2915A1' from pack STMicroelectronics.X-CUBE-SFXS2LP1.2.0.0: no header file found
2021-01-12 00:45:30,528 [WARN] ApiManager:294 - Cannot register API 'Board Extension:IKS01A3' from pack STMicroelectronics.X-CUBE-MEMS1.8.2.0: no header file found
2021-01-12 00:45:30,528 [WARN] ApiManager:294 - Cannot register API 'Board Extension:IKS01A2' from pack STMicroelectronics.X-CUBE-MEMS1.8.2.0: no header file found
2021-01-12 00:45:30,528 [WARN] ApiManager:294 - Cannot register API 'Board Extension:IKS02A1' from pack STMicroelectronics.X-CUBE-MEMS1.8.2.0: no header file found
2021-01-12 00:45:30,544 [WARN] ApiManager:294 - Cannot register API 'Board Extension:EEPRMA1' from pack STMicroelectronics.X-CUBE-EEPRMA1.3.0.0: no header file found
2021-01-12 00:45:30,544 [WARN] ApiManager:294 - Cannot register API 'Board Extension:EEPRMA2' from pack STMicroelectronics.X-CUBE-EEPRMA1.3.0.0: no header file found
2021-01-12 00:45:30,544 [INFO] RtosManager:464 - Registered RTOS mode: class=CMSIS, group=RTOS, mode=CMSIS_V1, owner=FREERTOS
2021-01-12 00:45:30,544 [INFO] RtosManager:464 - Registered RTOS mode: class=CMSIS, group=RTOS2, mode=CMSIS_V2, owner=FREERTOS
2021-01-12 00:45:30,544 [INFO] RtosManager:464 - Registered RTOS mode: class=RTOS, group=Core, mode=CMSIS_V1, owner=FREERTOS
2021-01-12 00:45:30,544 [INFO] RtosManager:464 - Registered RTOS mode: class=RTOS, group=Core, mode=CMSIS_V2, owner=FREERTOS
2021-01-12 00:45:30,544 [WARN] ModelIntegratedComponent:182 - Missing modes for component STMicroelectronics:FreeRTOS:0.0.1:STMicroelectronics:RTOS:FreeRTOS:Core:::10.2.0:
2021-01-12 00:45:30,544 [WARN] ApiManager:294 - Cannot register API 'Board Extension:GNSS1A1' from pack STMicroelectronics.X-CUBE-GNSS1.5.1.0: no header file found
2021-01-12 00:45:30,544 [WARN] ApiManager:294 - Cannot register API 'Board Support:Custom' from pack STMicroelectronics.X-CUBE-GNSS1.5.1.0: no header file found
2021-01-12 00:45:30,544 [WARN] ApiManager:294 - Cannot register API 'Data Exchange:lib_gnss' from pack STMicroelectronics.X-CUBE-GNSS1.5.1.0: no header file found
2021-01-12 00:45:30,544 [WARN] ApiManager:294 - Cannot register API 'Wireless:BlueNRG-MS' from pack STMicroelectronics.X-CUBE-BLE1.6.1.0: no header file found
2021-01-12 00:45:30,544 [WARN] ApiManager:294 - Cannot register API 'Board Extension:NFC04A1' from pack STMicroelectronics.X-CUBE-NFC4.2.0.1: no header file found
2021-01-12 00:45:30,544 [WARN] ApiManager:294 - Cannot register API 'Wireless:BlueNRG-2' from pack STMicroelectronics.X-CUBE-BLE2.3.1.0: no header file found
2021-01-12 00:45:30,934 [INFO] UtilMem:74 - End LoadConfig() Used Memory: 552324872 Bytes (688914432)
2021-01-12 00:45:30,965 [WARN] ThirdParty:749 - waiting for thirdparty lock release [change project]
2021-01-12 00:45:30,965 [INFO] ThirdParty:751 - entering critical section [change project]
2021-01-12 00:45:30,965 [INFO] ThirdParty:939 - CMSIS Pack Vendor :STMicroelectronics USB_HOST 2.0.0
2021-01-12 00:45:30,965 [INFO] ThirdParty:939 - CMSIS Pack Vendor :STMicroelectronics X-CUBE-SUBG2 3.0.1
2021-01-12 00:45:30,965 [INFO] ThirdParty:939 - CMSIS Pack Vendor :STMicroelectronics USB_DEVICE 3.0.0
2021-01-12 00:45:30,965 [INFO] ThirdParty:939 - CMSIS Pack Vendor :STMicroelectronics HAL Drivers 0.0.0
2021-01-12 00:45:30,965 [INFO] ThirdParty:939 - CMSIS Pack Vendor :STMicroelectronics MBEDTLS 2.16.2
2021-01-12 00:45:30,965 [INFO] ThirdParty:939 - CMSIS Pack Vendor :STMicroelectronics X-CUBE-SFXS2LP1 2.0.0
2021-01-12 00:45:30,965 [INFO] ThirdParty:939 - CMSIS Pack Vendor :STMicroelectronics MBEDTLS 2.14.1
2021-01-12 00:45:30,965 [INFO] ThirdParty:939 - CMSIS Pack Vendor :STMicroelectronics USB_DEVICE 2.0.0
2021-01-12 00:45:30,965 [INFO] ThirdParty:939 - CMSIS Pack Vendor :STMicroelectronics X-CUBE-MEMS1 8.2.0
2021-01-12 00:45:30,965 [INFO] ThirdParty:939 - CMSIS Pack Vendor :STMicroelectronics X-CUBE-EEPRMA1 3.0.0
2021-01-12 00:45:30,965 [INFO] ThirdParty:939 - CMSIS Pack Vendor :STMicroelectronics X-CUBE-DISPLAY 1.0.0
2021-01-12 00:45:30,965 [INFO] ThirdParty:939 - CMSIS Pack Vendor :STMicroelectronics FreeRTOS 0.0.1
2021-01-12 00:45:30,965 [INFO] ThirdParty:939 - CMSIS Pack Vendor :STMicroelectronics USB_DEVICE 1.0.0
2021-01-12 00:45:30,965 [INFO] ThirdParty:939 - CMSIS Pack Vendor :STMicroelectronics X-CUBE-ALGOBUILD 1.1.0
2021-01-12 00:45:30,965 [INFO] ThirdParty:939 - CMSIS Pack Vendor :STMicroelectronics X-CUBE-GNSS1 5.1.0
2021-01-12 00:45:30,965 [INFO] ThirdParty:939 - CMSIS Pack Vendor :STMicroelectronics X-CUBE-BLE1 6.1.0
2021-01-12 00:45:30,965 [INFO] ThirdParty:939 - CMSIS Pack Vendor :STMicroelectronics lwIP 2.0.3
2021-01-12 00:45:30,965 [INFO] ThirdParty:939 - CMSIS Pack Vendor :STMicroelectronics lwIP 2.1.2
2021-01-12 00:45:30,965 [INFO] ThirdParty:939 - CMSIS Pack Vendor :STMicroelectronics USB_HOST 1.0.0
2021-01-12 00:45:30,965 [INFO] ThirdParty:939 - CMSIS Pack Vendor :STMicroelectronics X-CUBE-NFC4 2.0.1
2021-01-12 00:45:30,965 [INFO] ThirdParty:939 - CMSIS Pack Vendor :STMicroelectronics X-CUBE-AI 5.2.0
2021-01-12 00:45:30,965 [INFO] ThirdParty:939 - CMSIS Pack Vendor :STMicroelectronics PDM2PCM 3.1.0
2021-01-12 00:45:30,965 [INFO] ThirdParty:939 - CMSIS Pack Vendor :STMicroelectronics X-CUBE-TOUCHGFX 4.16.0
2021-01-12 00:45:30,965 [INFO] ThirdParty:939 - CMSIS Pack Vendor :STMicroelectronics PDM2PCM 3.2.0
2021-01-12 00:45:30,965 [INFO] ThirdParty:939 - CMSIS Pack Vendor :STMicroelectronics X-CUBE-BLE2 3.1.0
2021-01-12 00:45:30,965 [INFO] ThirdParty:939 - CMSIS Pack Vendor :STMicroelectronics PDM2PCM 3.3.0
2021-01-12 00:45:30,965 [INFO] ThirdParty:757 - exiting critical section [change project]
2021-01-12 00:45:31,372 [INFO] PinOutPanel:1434 - setPackage(No Configuration,No Configuration)
2021-01-12 00:45:31,372 [INFO] PinOutPanel:1434 - setPackage(STM32F407ZGTx,LQFP144)
2021-01-12 00:45:31,858 [INFO] UtilMem:74 - Before build in PCC Used Memory: 386740128 Bytes (688914432)
2021-01-12 00:45:32,405 [INFO] SharedServices:72 - Folder for power plug-in: C:/Users/Jian Lao/.stm32cubemx/plugins/power
2021-01-12 00:45:32,436 [INFO] SharedServices:72 - Folder for power plug-in: C:/Users/Jian Lao/.stm32cubemx/plugins/power
2021-01-12 00:45:32,483 [INFO] SharedServices:72 - Folder for power plug-in: C:/Users/Jian Lao/.stm32cubemx/plugins/power
2021-01-12 00:45:32,483 [INFO] SharedServices:72 - Folder for power plug-in: C:/Users/Jian Lao/.stm32cubemx/plugins/power
2021-01-12 00:45:32,639 [INFO] UtilMem:74 - After build in PCC Used Memory: 442314656 Bytes (688914432)
2021-01-12 00:45:32,670 [INFO] IPUIPlugin:64 - create IPUIPlugin
2021-01-12 00:45:32,670 [INFO] IPUIPlugin:64 - create IPUIPlugin
2021-01-12 00:45:32,670 [INFO] IPUIPlugin:64 - create IPUIPlugin
2021-01-12 00:45:32,670 [INFO] IPUIPlugin:64 - create IPUIPlugin
2021-01-12 00:45:32,670 [INFO] IPUIPlugin:64 - create IPUIPlugin
2021-01-12 00:45:32,670 [INFO] IPUIPlugin:64 - create IPUIPlugin
2021-01-12 00:45:32,670 [INFO] IPUIPlugin:64 - create IPUIPlugin
2021-01-12 00:45:32,670 [INFO] IPUIPlugin:64 - create IPUIPlugin
2021-01-12 00:45:32,670 [INFO] IPUIPlugin:64 - create IPUIPlugin
2021-01-12 00:45:32,670 [INFO] IPUIPlugin:64 - create IPUIPlugin
2021-01-12 00:45:32,670 [INFO] IPUIPlugin:64 - create IPUIPlugin
2021-01-12 00:45:32,670 [INFO] IPUIPlugin:64 - create IPUIPlugin
2021-01-12 00:45:32,670 [INFO] IPUIPlugin:64 - create IPUIPlugin
2021-01-12 00:45:32,670 [INFO] IPUIPlugin:64 - create IPUIPlugin
2021-01-12 00:45:32,670 [INFO] IPUIPlugin:64 - create IPUIPlugin
2021-01-12 00:45:32,670 [INFO] IPUIPlugin:64 - create IPUIPlugin
2021-01-12 00:45:32,670 [INFO] IPUIPlugin:64 - create IPUIPlugin
2021-01-12 00:45:32,670 [INFO] IPUIPlugin:64 - create IPUIPlugin
2021-01-12 00:45:32,670 [INFO] IPUIPlugin:64 - create IPUIPlugin
2021-01-12 00:45:32,670 [INFO] IPUIPlugin:64 - create IPUIPlugin
2021-01-12 00:45:32,670 [INFO] IPUIPlugin:64 - create IPUIPlugin
2021-01-12 00:45:32,670 [INFO] IPUIPlugin:64 - create IPUIPlugin
2021-01-12 00:45:32,670 [INFO] IPUIPlugin:64 - create IPUIPlugin
2021-01-12 00:45:32,670 [INFO] IPUIPlugin:64 - create IPUIPlugin
2021-01-12 00:45:32,670 [INFO] IPUIPlugin:64 - create IPUIPlugin
2021-01-12 00:45:32,670 [INFO] IPUIPlugin:64 - create IPUIPlugin
2021-01-12 00:45:32,670 [INFO] IPUIPlugin:64 - create IPUIPlugin
2021-01-12 00:45:32,670 [INFO] IPUIPlugin:64 - create IPUIPlugin
2021-01-12 00:45:32,670 [INFO] IPUIPlugin:64 - create IPUIPlugin
2021-01-12 00:45:32,670 [INFO] IPUIPlugin:64 - create IPUIPlugin
2021-01-12 00:45:32,670 [INFO] IPUIPlugin:64 - create IPUIPlugin
2021-01-12 00:45:32,670 [INFO] IPUIPlugin:64 - create IPUIPlugin
2021-01-12 00:45:32,670 [INFO] IPUIPlugin:64 - create IPUIPlugin
2021-01-12 00:45:32,670 [INFO] IPUIPlugin:64 - create IPUIPlugin
2021-01-12 00:45:32,670 [INFO] IPUIPlugin:64 - create IPUIPlugin
2021-01-12 00:45:32,670 [INFO] IPUIPlugin:64 - create IPUIPlugin
2021-01-12 00:45:32,670 [INFO] IPUIPlugin:64 - create IPUIPlugin
2021-01-12 00:45:32,670 [INFO] IPUIPlugin:64 - create IPUIPlugin
2021-01-12 00:45:32,670 [INFO] IPUIPlugin:64 - create IPUIPlugin
2021-01-12 00:45:32,670 [INFO] IPUIPlugin:64 - create IPUIPlugin
2021-01-12 00:45:32,670 [INFO] IPUIPlugin:64 - create IPUIPlugin
2021-01-12 00:45:32,670 [INFO] IPUIPlugin:64 - create IPUIPlugin
2021-01-12 00:45:32,670 [INFO] IPUIPlugin:64 - create IPUIPlugin
2021-01-12 00:45:32,670 [INFO] IPUIPlugin:64 - create IPUIPlugin
2021-01-12 00:45:32,670 [INFO] IPUIPlugin:64 - create IPUIPlugin
2021-01-12 00:45:32,670 [INFO] IPUIPlugin:64 - create IPUIPlugin
2021-01-12 00:45:32,670 [INFO] IPUIPlugin:64 - create IPUIPlugin
2021-01-12 00:45:32,670 [INFO] IPUIPlugin:64 - create IPUIPlugin
2021-01-12 00:45:32,670 [INFO] IPUIPlugin:64 - create IPUIPlugin
2021-01-12 00:45:32,670 [INFO] IPUIPlugin:64 - create IPUIPlugin
2021-01-12 00:45:32,686 [INFO] IPUIPlugin:64 - create IPUIPlugin
2021-01-12 00:45:32,686 [INFO] IPUIPlugin:64 - create IPUIPlugin
2021-01-12 00:45:32,686 [INFO] IPUIPlugin:64 - create IPUIPlugin
2021-01-12 00:45:32,686 [INFO] IPUIPlugin:64 - create IPUIPlugin
2021-01-12 00:45:32,686 [INFO] IPUIPlugin:64 - create IPUIPlugin
2021-01-12 00:45:32,686 [INFO] IPUIPlugin:64 - create IPUIPlugin
2021-01-12 00:45:32,686 [INFO] IPUIPlugin:64 - create IPUIPlugin
2021-01-12 00:45:32,686 [INFO] IPUIPlugin:64 - create IPUIPlugin
2021-01-12 00:45:32,811 [INFO] ApiDbMcu:456 - Load IP Config File for PDM2PCM
2021-01-12 00:45:32,874 [INFO] LogOutputStream:76 - [STDOUT_REDIRECT] toolchainItems.length=====1
2021-01-12 00:45:32,983 [INFO] OpenFileManager:294 - Restore cursor
2021-01-12 00:45:33,342 [INFO] UtilMem:74 - End SaveConfig() Used Memory: 515192728 Bytes (688914432)
2021-01-12 00:45:33,405 [INFO] UtilMem:74 - End SaveConfig() Used Memory: 524103584 Bytes (688914432)
2021-01-12 00:45:33,736 [INFO] BlockDiagram:2735 - set Specific Code input for plugin: SYS
2021-01-12 00:45:33,736 [INFO] BlockDiagram:2735 - set Specific Code input for plugin: RCC
2021-01-12 00:45:33,736 [INFO] BlockDiagram:2735 - set Specific Code input for plugin: NVIC
2021-01-12 00:45:33,736 [INFO] CodeGenerator:639 - code generatio: config db path: C:\ST\STM32CubeIDE_1.5.0\STM32CubeIDE\plugins\com.st.stm32cube.common.mx_6.1.0.202011121557\\db\
2021-01-12 00:45:34,299 [INFO] CodeEngine:229 - oldGeneratedFile, C:\Users\Jian Lao\OneDrive\Desktop\STM32F407ZG_Kit\STM32F407_Codes\STM32F407ZGT6-1-Systick\MXTmpFiles\license.tmp_save
2021-01-12 00:45:34,752 [INFO] CodeEngine:247 - Generated code: C:\Users\Jian Lao\OneDrive\Desktop\STM32F407ZG_Kit\STM32F407_Codes\STM32F407ZGT6-1-Systick\MXTmpFiles\license.tmp
2021-01-12 00:45:34,970 [INFO] CodeEngine:229 - oldGeneratedFile, C:\Users\Jian Lao\OneDrive\Desktop\STM32F407ZG_Kit\STM32F407_Codes\STM32F407ZGT6-1-Systick\Core\Src\stm32f4xx_it.c_save
2021-01-12 00:45:35,095 [INFO] CodeEngine:247 - Generated code: C:\Users\Jian Lao\OneDrive\Desktop\STM32F407ZG_Kit\STM32F407_Codes\STM32F407ZGT6-1-Systick\Core\Src\stm32f4xx_it.c
2021-01-12 00:45:35,111 [INFO] CodeEngine:229 - oldGeneratedFile, C:\Users\Jian Lao\OneDrive\Desktop\STM32F407ZG_Kit\STM32F407_Codes\STM32F407ZGT6-1-Systick\Core\Inc\stm32f4xx_it.h_save
2021-01-12 00:45:35,189 [INFO] CodeEngine:247 - Generated code: C:\Users\Jian Lao\OneDrive\Desktop\STM32F407ZG_Kit\STM32F407_Codes\STM32F407ZGT6-1-Systick\Core\Inc\stm32f4xx_it.h
2021-01-12 00:45:35,252 [INFO] CodeEngine:229 - oldGeneratedFile, C:\Users\Jian Lao\OneDrive\Desktop\STM32F407ZG_Kit\STM32F407_Codes\STM32F407ZGT6-1-Systick\Core\Src\stm32f4xx_hal_msp.c_save
2021-01-12 00:45:35,345 [INFO] CodeEngine:247 - Generated code: C:\Users\Jian Lao\OneDrive\Desktop\STM32F407ZG_Kit\STM32F407_Codes\STM32F407ZGT6-1-Systick\Core\Src\stm32f4xx_hal_msp.c
2021-01-12 00:45:35,361 [INFO] CodeEngine:229 - oldGeneratedFile, C:\Users\Jian Lao\OneDrive\Desktop\STM32F407ZG_Kit\STM32F407_Codes\STM32F407ZGT6-1-Systick\MXTmpFiles\system.tmp_save
2021-01-12 00:45:35,423 [INFO] CodeEngine:247 - Generated code: C:\Users\Jian Lao\OneDrive\Desktop\STM32F407ZG_Kit\STM32F407_Codes\STM32F407ZGT6-1-Systick\MXTmpFiles\system.tmp
2021-01-12 00:45:35,470 [INFO] CodeEngine:229 - oldGeneratedFile, C:\Users\Jian Lao\OneDrive\Desktop\STM32F407ZG_Kit\STM32F407_Codes\STM32F407ZGT6-1-Systick\Core\Inc\stm32f4xx_hal_conf.h_save
2021-01-12 00:45:35,564 [INFO] CodeEngine:247 - Generated code: C:\Users\Jian Lao\OneDrive\Desktop\STM32F407ZG_Kit\STM32F407_Codes\STM32F407ZGT6-1-Systick\Core\Inc\stm32f4xx_hal_conf.h
2021-01-12 00:45:35,673 [INFO] CodeEngine:229 - oldGeneratedFile, C:\Users\Jian Lao\OneDrive\Desktop\STM32F407ZG_Kit\STM32F407_Codes\STM32F407ZGT6-1-Systick\Core\Inc\main.h_save
2021-01-12 00:45:35,752 [INFO] CodeEngine:247 - Generated code: C:\Users\Jian Lao\OneDrive\Desktop\STM32F407ZG_Kit\STM32F407_Codes\STM32F407ZGT6-1-Systick\Core\Inc\main.h
2021-01-12 00:45:35,767 [INFO] CodeEngine:229 - oldGeneratedFile, C:\Users\Jian Lao\OneDrive\Desktop\STM32F407ZG_Kit\STM32F407_Codes\STM32F407ZGT6-1-Systick\Core\Src\main.c_save
2021-01-12 00:45:35,877 [INFO] CodeEngine:247 - Generated code: C:\Users\Jian Lao\OneDrive\Desktop\STM32F407ZG_Kit\STM32F407_Codes\STM32F407ZGT6-1-Systick\Core\Src\main.c
2021-01-12 00:45:37,778 [INFO] ProjectBuilder:2328 - Time for Copy HAL[1] : 1292mS.
2021-01-12 00:45:37,825 [INFO] ProjectBuilder:3259 - Project Generator version: 3.11.0-B13
2021-01-12 00:45:38,325 [INFO] ConfigFileManager:1238 - The Die is : DIE413
2021-01-12 00:45:38,356 [INFO] ApiDbMcu:456 - Load IP Config File for FATFS
2021-01-12 00:45:38,388 [INFO] ApiDbMcu:456 - Load IP Config File for FREERTOS
2021-01-12 00:45:38,403 [INFO] ApiDbMcu:456 - Load IP Config File for LIBJPEG
2021-01-12 00:45:38,434 [INFO] ApiDbMcu:456 - Load IP Config File for LWIP
2021-01-12 00:45:38,450 [INFO] ApiDbMcu:456 - Load IP Config File for MBEDTLS
2021-01-12 00:45:38,481 [INFO] ApiDbMcu:456 - Load IP Config File for USB_DEVICE
2021-01-12 00:45:38,513 [INFO] ApiDbMcu:456 - Load IP Config File for USB_HOST
2021-01-12 00:45:45,482 [INFO] ProjectBuilder:3425 - Time for Generating toolchain IDE Files: 7657mS.
2021-01-12 00:45:45,482 [INFO] ProjectBuilder:2207 - Time for Copy CMSIS : 0mS.
2021-01-12 00:45:45,482 [INFO] ProjectBuilder:2207 - Time for Copy CMSIS : 0mS.
2021-01-12 00:45:47,296 [INFO] ApiDb:263 - Save user favorites file C:\Users\Jian Lao/.stm32cubeide/favorites.mcus.txt: 0 item(s)
2021-01-12 00:45:47,296 [INFO] ApiDb:267 - User favorites MCUs=[]
2021-01-12 00:46:23,892 [INFO] NvicIntPanel:90 - NVIC parent = com.st.microxplorer.plugins.ip.nvic.MultiNvicIntPanel[,0,0,503x293,layout=javax.swing.BoxLayout,alignmentX=0.0,alignmentY=0.0,border=,flags=9,maximumSize=,minimumSize=,preferredSize=]
2021-01-12 00:46:31,487 [INFO] Gpio:248 - dependency for GPIO [RCC]
2021-01-12 00:46:45,941 [INFO] Gpio:248 - dependency for GPIO [RCC]
2021-01-12 00:49:07,787 [INFO] Gpio:248 - dependency for GPIO [RCC, SYS]
2021-01-12 00:49:59,129 [INFO] Gpio:248 - dependency for GPIO [RCC, SYS]
2021-01-12 00:50:47,301 [INFO] UtilMem:74 - End SaveConfig() Used Memory: 697280504 Bytes (917504000)
2021-01-12 00:50:48,781 [INFO] UtilMem:74 - End SaveConfig() Used Memory: 708827976 Bytes (917504000)
2021-01-12 00:50:51,030 [INFO] UtilMem:74 - End SaveConfig() Used Memory: 396707456 Bytes (917504000)
2021-01-12 00:50:51,237 [INFO] BlockDiagram:2735 - set Specific Code input for plugin: SYS
2021-01-12 00:50:51,237 [INFO] BlockDiagram:2735 - set Specific Code input for plugin: RCC
2021-01-12 00:50:51,237 [INFO] BlockDiagram:2735 - set Specific Code input for plugin: NVIC
2021-01-12 00:50:51,237 [INFO] BlockDiagram:2735 - set Specific Code input for plugin: GPIO
2021-01-12 00:50:51,238 [INFO] CodeGenerator:639 - code generatio: config db path: C:\ST\STM32CubeIDE_1.5.0\STM32CubeIDE\plugins\com.st.stm32cube.common.mx_6.1.0.202011121557\\db\
2021-01-12 00:50:51,562 [INFO] CodeEngine:229 - oldGeneratedFile, C:\Users\Jian Lao\OneDrive\Desktop\STM32F407ZG_Kit\STM32F407_Codes\STM32F407ZGT6-1-Systick\MXTmpFiles\license.tmp_save
2021-01-12 00:50:51,618 [INFO] CodeEngine:247 - Generated code: C:\Users\Jian Lao\OneDrive\Desktop\STM32F407ZG_Kit\STM32F407_Codes\STM32F407ZGT6-1-Systick\MXTmpFiles\license.tmp
2021-01-12 00:50:51,712 [INFO] CodeEngine:229 - oldGeneratedFile, C:\Users\Jian Lao\OneDrive\Desktop\STM32F407ZG_Kit\STM32F407_Codes\STM32F407ZGT6-1-Systick\MXTmpFiles\gpio.tmp_save
2021-01-12 00:50:51,774 [INFO] CodeEngine:247 - Generated code: C:\Users\Jian Lao\OneDrive\Desktop\STM32F407ZG_Kit\STM32F407_Codes\STM32F407ZGT6-1-Systick\MXTmpFiles\gpio.tmp
2021-01-12 00:50:51,837 [INFO] CodeEngine:229 - oldGeneratedFile, C:\Users\Jian Lao\OneDrive\Desktop\STM32F407ZG_Kit\STM32F407_Codes\STM32F407ZGT6-1-Systick\Core\Src\stm32f4xx_it.c_save
2021-01-12 00:50:51,899 [INFO] CodeEngine:247 - Generated code: C:\Users\Jian Lao\OneDrive\Desktop\STM32F407ZG_Kit\STM32F407_Codes\STM32F407ZGT6-1-Systick\Core\Src\stm32f4xx_it.c
2021-01-12 00:50:51,915 [INFO] CodeEngine:229 - oldGeneratedFile, C:\Users\Jian Lao\OneDrive\Desktop\STM32F407ZG_Kit\STM32F407_Codes\STM32F407ZGT6-1-Systick\Core\Inc\stm32f4xx_it.h_save
2021-01-12 00:50:51,962 [INFO] CodeEngine:247 - Generated code: C:\Users\Jian Lao\OneDrive\Desktop\STM32F407ZG_Kit\STM32F407_Codes\STM32F407ZGT6-1-Systick\Core\Inc\stm32f4xx_it.h
2021-01-12 00:50:52,009 [INFO] CodeEngine:229 - oldGeneratedFile, C:\Users\Jian Lao\OneDrive\Desktop\STM32F407ZG_Kit\STM32F407_Codes\STM32F407ZGT6-1-Systick\Core\Src\stm32f4xx_hal_msp.c_save
2021-01-12 00:50:52,102 [INFO] CodeEngine:247 - Generated code: C:\Users\Jian Lao\OneDrive\Desktop\STM32F407ZG_Kit\STM32F407_Codes\STM32F407ZGT6-1-Systick\Core\Src\stm32f4xx_hal_msp.c
2021-01-12 00:50:52,102 [INFO] CodeEngine:229 - oldGeneratedFile, C:\Users\Jian Lao\OneDrive\Desktop\STM32F407ZG_Kit\STM32F407_Codes\STM32F407ZGT6-1-Systick\MXTmpFiles\system.tmp_save
2021-01-12 00:50:52,149 [INFO] CodeEngine:247 - Generated code: C:\Users\Jian Lao\OneDrive\Desktop\STM32F407ZG_Kit\STM32F407_Codes\STM32F407ZGT6-1-Systick\MXTmpFiles\system.tmp
2021-01-12 00:50:52,180 [INFO] CodeEngine:229 - oldGeneratedFile, C:\Users\Jian Lao\OneDrive\Desktop\STM32F407ZG_Kit\STM32F407_Codes\STM32F407ZGT6-1-Systick\Core\Inc\stm32f4xx_hal_conf.h_save
2021-01-12 00:50:52,274 [INFO] CodeEngine:247 - Generated code: C:\Users\Jian Lao\OneDrive\Desktop\STM32F407ZG_Kit\STM32F407_Codes\STM32F407ZGT6-1-Systick\Core\Inc\stm32f4xx_hal_conf.h
2021-01-12 00:50:52,337 [INFO] CodeEngine:229 - oldGeneratedFile, C:\Users\Jian Lao\OneDrive\Desktop\STM32F407ZG_Kit\STM32F407_Codes\STM32F407ZGT6-1-Systick\Core\Inc\main.h_save
2021-01-12 00:50:52,477 [INFO] CodeEngine:247 - Generated code: C:\Users\Jian Lao\OneDrive\Desktop\STM32F407ZG_Kit\STM32F407_Codes\STM32F407ZGT6-1-Systick\Core\Inc\main.h
2021-01-12 00:50:52,493 [INFO] CodeEngine:229 - oldGeneratedFile, C:\Users\Jian Lao\OneDrive\Desktop\STM32F407ZG_Kit\STM32F407_Codes\STM32F407ZGT6-1-Systick\Core\Src\main.c_save
2021-01-12 00:50:52,587 [INFO] CodeEngine:247 - Generated code: C:\Users\Jian Lao\OneDrive\Desktop\STM32F407ZG_Kit\STM32F407_Codes\STM32F407ZGT6-1-Systick\Core\Src\main.c
2021-01-12 00:50:53,067 [INFO] ProjectBuilder:2328 - Time for Copy HAL[1] : 110mS.
2021-01-12 00:50:53,082 [INFO] ProjectBuilder:3259 - Project Generator version: 3.11.0-B13
2021-01-12 00:50:53,301 [INFO] ConfigFileManager:1238 - The Die is : DIE413
2021-01-12 00:50:55,625 [INFO] ProjectBuilder:3425 - Time for Generating toolchain IDE Files: 2543mS.
2021-01-12 00:50:55,625 [INFO] ProjectBuilder:2207 - Time for Copy CMSIS : 0mS.
2021-01-12 00:50:55,640 [INFO] ProjectBuilder:2207 - Time for Copy CMSIS : 0mS.
2021-01-12 00:51:01,925 [INFO] DmaTabbedPanel:192 - Cannot restore the selected Tab for DMA
2021-01-12 00:51:03,003 [INFO] Gpio:248 - dependency for GPIO [RCC, SYS]
2021-01-12 00:53:59,254 [INFO] UtilMem:74 - End SaveConfig() Used Memory: 720277144 Bytes (1030750208)
2021-01-12 00:54:00,618 [INFO] UtilMem:74 - End SaveConfig() Used Memory: 732860056 Bytes (1030750208)
2021-01-12 00:54:02,450 [INFO] UtilMem:74 - End SaveConfig() Used Memory: 759271664 Bytes (1030750208)
2021-01-12 00:54:02,625 [INFO] BlockDiagram:2735 - set Specific Code input for plugin: SYS
2021-01-12 00:54:02,626 [INFO] BlockDiagram:2735 - set Specific Code input for plugin: RCC
2021-01-12 00:54:02,626 [INFO] BlockDiagram:2735 - set Specific Code input for plugin: NVIC
2021-01-12 00:54:02,626 [INFO] BlockDiagram:2735 - set Specific Code input for plugin: GPIO
2021-01-12 00:54:02,627 [INFO] CodeGenerator:639 - code generatio: config db path: C:\ST\STM32CubeIDE_1.5.0\STM32CubeIDE\plugins\com.st.stm32cube.common.mx_6.1.0.202011121557\\db\
2021-01-12 00:54:03,053 [INFO] CodeEngine:229 - oldGeneratedFile, C:\Users\Jian Lao\OneDrive\Desktop\STM32F407ZG_Kit\STM32F407_Codes\STM32F407ZGT6-1-Systick\MXTmpFiles\license.tmp_save
2021-01-12 00:54:03,100 [INFO] CodeEngine:247 - Generated code: C:\Users\Jian Lao\OneDrive\Desktop\STM32F407ZG_Kit\STM32F407_Codes\STM32F407ZGT6-1-Systick\MXTmpFiles\license.tmp
2021-01-12 00:54:03,131 [INFO] CodeEngine:229 - oldGeneratedFile, C:\Users\Jian Lao\OneDrive\Desktop\STM32F407ZG_Kit\STM32F407_Codes\STM32F407ZGT6-1-Systick\MXTmpFiles\gpio.tmp_save
2021-01-12 00:54:03,178 [INFO] CodeEngine:247 - Generated code: C:\Users\Jian Lao\OneDrive\Desktop\STM32F407ZG_Kit\STM32F407_Codes\STM32F407ZGT6-1-Systick\MXTmpFiles\gpio.tmp
2021-01-12 00:54:03,225 [INFO] CodeEngine:229 - oldGeneratedFile, C:\Users\Jian Lao\OneDrive\Desktop\STM32F407ZG_Kit\STM32F407_Codes\STM32F407ZGT6-1-Systick\Core\Src\stm32f4xx_it.c_save
2021-01-12 00:54:03,287 [INFO] CodeEngine:247 - Generated code: C:\Users\Jian Lao\OneDrive\Desktop\STM32F407ZG_Kit\STM32F407_Codes\STM32F407ZGT6-1-Systick\Core\Src\stm32f4xx_it.c
2021-01-12 00:54:03,303 [INFO] CodeEngine:229 - oldGeneratedFile, C:\Users\Jian Lao\OneDrive\Desktop\STM32F407ZG_Kit\STM32F407_Codes\STM32F407ZGT6-1-Systick\Core\Inc\stm32f4xx_it.h_save
2021-01-12 00:54:03,350 [INFO] CodeEngine:247 - Generated code: C:\Users\Jian Lao\OneDrive\Desktop\STM32F407ZG_Kit\STM32F407_Codes\STM32F407ZGT6-1-Systick\Core\Inc\stm32f4xx_it.h
2021-01-12 00:54:03,381 [INFO] CodeEngine:229 - oldGeneratedFile, C:\Users\Jian Lao\OneDrive\Desktop\STM32F407ZG_Kit\STM32F407_Codes\STM32F407ZGT6-1-Systick\Core\Src\stm32f4xx_hal_msp.c_save
2021-01-12 00:54:03,459 [INFO] CodeEngine:247 - Generated code: C:\Users\Jian Lao\OneDrive\Desktop\STM32F407ZG_Kit\STM32F407_Codes\STM32F407ZGT6-1-Systick\Core\Src\stm32f4xx_hal_msp.c
2021-01-12 00:54:03,459 [INFO] CodeEngine:229 - oldGeneratedFile, C:\Users\Jian Lao\OneDrive\Desktop\STM32F407ZG_Kit\STM32F407_Codes\STM32F407ZGT6-1-Systick\MXTmpFiles\system.tmp_save
2021-01-12 00:54:03,506 [INFO] CodeEngine:247 - Generated code: C:\Users\Jian Lao\OneDrive\Desktop\STM32F407ZG_Kit\STM32F407_Codes\STM32F407ZGT6-1-Systick\MXTmpFiles\system.tmp
2021-01-12 00:54:03,537 [INFO] CodeEngine:229 - oldGeneratedFile, C:\Users\Jian Lao\OneDrive\Desktop\STM32F407ZG_Kit\STM32F407_Codes\STM32F407ZGT6-1-Systick\Core\Inc\stm32f4xx_hal_conf.h_save
2021-01-12 00:54:03,678 [INFO] CodeEngine:247 - Generated code: C:\Users\Jian Lao\OneDrive\Desktop\STM32F407ZG_Kit\STM32F407_Codes\STM32F407ZGT6-1-Systick\Core\Inc\stm32f4xx_hal_conf.h
2021-01-12 00:54:03,725 [INFO] CodeEngine:229 - oldGeneratedFile, C:\Users\Jian Lao\OneDrive\Desktop\STM32F407ZG_Kit\STM32F407_Codes\STM32F407ZGT6-1-Systick\Core\Inc\main.h_save
2021-01-12 00:54:03,787 [INFO] CodeEngine:247 - Generated code: C:\Users\Jian Lao\OneDrive\Desktop\STM32F407ZG_Kit\STM32F407_Codes\STM32F407ZGT6-1-Systick\Core\Inc\main.h
2021-01-12 00:54:03,803 [INFO] CodeEngine:229 - oldGeneratedFile, C:\Users\Jian Lao\OneDrive\Desktop\STM32F407ZG_Kit\STM32F407_Codes\STM32F407ZGT6-1-Systick\Core\Src\main.c_save
2021-01-12 00:54:03,881 [INFO] CodeEngine:247 - Generated code: C:\Users\Jian Lao\OneDrive\Desktop\STM32F407ZG_Kit\STM32F407_Codes\STM32F407ZGT6-1-Systick\Core\Src\main.c
2021-01-12 00:54:04,348 [INFO] ProjectBuilder:2328 - Time for Copy HAL[1] : 93mS.
2021-01-12 00:54:04,348 [INFO] ProjectBuilder:3259 - Project Generator version: 3.11.0-B13
2021-01-12 00:54:04,723 [INFO] ConfigFileManager:1238 - The Die is : DIE413
2021-01-12 00:54:06,102 [INFO] ProjectBuilder:3425 - Time for Generating toolchain IDE Files: 1754mS.
2021-01-12 00:54:06,102 [INFO] ProjectBuilder:2207 - Time for Copy CMSIS : 0mS.
2021-01-12 00:54:06,133 [INFO] ProjectBuilder:2207 - Time for Copy CMSIS : 0mS.
